
[2m$ node src/index.js --output ../docs/src/content/docs[22m
🚀 Timolia Team Page Generator

📖 Loading teamler data...
✅ Loaded 330 team members

🔄 Updating player names from Mojang API...
Updating names for 330 team members...
[1/330] Updated: Hotarsy (769652bf-dda5-4ee2-addd-b3d658942871)
[2/330] Updated: PizzaHeld (1fadaf5c-778a-4150-9415-f025c02a59e6)
[3/330] Updated: mountey (18b94e9c-8d02-4018-aac1-b00c63234087)
[4/330] Updated: Funkey (2ed0b992-4b07-4353-b111-12c4e213250c)
[5/330] Updated: Tss_Creeper (5d6b0bbf-e37b-40a5-bd91-a0da3069f553)
[6/330] Updated: xShadowGHG (aef1f794-7ee3-4daf-b76a-bb9fc17a677b)
[7/330] Updated: Vincent11127 (8062d22b-81bf-42fd-a48e-65fd6bc00225)
[8/330] Updated: Todbringender (80658b02-c646-433c-8e2f-2dcdf57bb224)
[9/330] Updated: Stereoworrek (8097c907-306f-4dce-a707-937593f73ac7)
[10/330] Updated: eZZrael (80ae4b33-7170-4057-a2c5-634c44b84c09)
[11/330] Updated: Tim9875432 (81e0ac62-fae9-4ec8-8f57-13462f502179)
[12/330] Updated: JukPlays (81f159e2-b9ac-4c16-aa81-6f07bc5980d7)
[13/330] Updated: Hasibubu (8367d27b-6082-4979-822c-4f137b496286)
[14/330] Updated: trojesatar (88a18e9a-2646-4607-bb8a-f868431b9fa9)
[15/330] Updated: Haxxsmart (891adbf2-eae4-4cc2-a742-ba188bdaef0f)
[16/330] Updated: KiToX (896c30b4-7e81-4d37-bf99-026ef528e1f1)
[17/330] Updated: Liisa (8bb3235c-fb7d-44b2-a55e-0f5ceffb61b9)
[18/330] Updated: Webbiii (8d9261a3-16a8-4d18-bf76-20041739485b)
[19/330] Updated: Karpfen17 (8dbb7d61-05c8-4981-b563-38c643cddff0)
[41m[31m[[39m[49m[41m[30mELIFECYCLE[39m[49m[41m[31m][39m[49m [31mCommand failed.[39m
[43m[33m[[39m[49m[43m[30mWARN[39m[49m[43m[33m][39m[49m  Local package.json exists, but node_modules missing, did you mean to install?
